mode: set
github.com/jcbasso/EMB/go/rest/artificial/ncs/src/handlers.go:12.76,23.16 5 1
github.com/jcbasso/EMB/go/rest/artificial/ncs/src/handlers.go:23.16,26.3 2 0
github.com/jcbasso/EMB/go/rest/artificial/ncs/src/handlers.go:28.2,29.40 2 1
github.com/jcbasso/EMB/go/rest/artificial/ncs/src/handlers.go:32.59,42.16 5 1
github.com/jcbasso/EMB/go/rest/artificial/ncs/src/handlers.go:42.16,45.3 2 0
github.com/jcbasso/EMB/go/rest/artificial/ncs/src/handlers.go:47.2,47.32 1 1
github.com/jcbasso/EMB/go/rest/artificial/ncs/src/handlers.go:47.32,50.3 2 0
github.com/jcbasso/EMB/go/rest/artificial/ncs/src/handlers.go:52.2,53.39 2 1
github.com/jcbasso/EMB/go/rest/artificial/ncs/src/handlers.go:56.60,66.16 5 1
github.com/jcbasso/EMB/go/rest/artificial/ncs/src/handlers.go:66.16,69.3 2 0
github.com/jcbasso/EMB/go/rest/artificial/ncs/src/handlers.go:71.2,72.39 2 1
github.com/jcbasso/EMB/go/rest/artificial/ncs/src/handlers.go:75.60,86.16 5 1
github.com/jcbasso/EMB/go/rest/artificial/ncs/src/handlers.go:86.16,89.3 2 0
github.com/jcbasso/EMB/go/rest/artificial/ncs/src/handlers.go:91.2,91.34 1 1
github.com/jcbasso/EMB/go/rest/artificial/ncs/src/handlers.go:91.34,94.3 2 1
github.com/jcbasso/EMB/go/rest/artificial/ncs/src/handlers.go:96.2,97.39 2 1
github.com/jcbasso/EMB/go/rest/artificial/ncs/src/handlers.go:100.59,110.16 5 1
github.com/jcbasso/EMB/go/rest/artificial/ncs/src/handlers.go:110.16,113.3 2 0
github.com/jcbasso/EMB/go/rest/artificial/ncs/src/handlers.go:115.2,117.39 3 1
github.com/jcbasso/EMB/go/rest/artificial/ncs/src/handlers.go:120.63,130.16 5 1
github.com/jcbasso/EMB/go/rest/artificial/ncs/src/handlers.go:130.16,133.3 2 0
github.com/jcbasso/EMB/go/rest/artificial/ncs/src/handlers.go:135.2,136.49 2 1
github.com/jcbasso/EMB/go/rest/artificial/ncs/src/handlers.go:136.49,139.3 2 1
github.com/jcbasso/EMB/go/rest/artificial/ncs/src/handlers.go:141.2,142.40 2 1
github.com/jcbasso/EMB/go/rest/artificial/ncs/src/handlers.go:148.61,151.16 3 1
github.com/jcbasso/EMB/go/rest/artificial/ncs/src/handlers.go:151.16,154.3 2 0
github.com/jcbasso/EMB/go/rest/artificial/ncs/src/server.go:8.33,13.73 4 1
github.com/jcbasso/EMB/go/rest/artificial/ncs/src/server.go:13.73,13.83 1 1
github.com/jcbasso/EMB/go/rest/artificial/ncs/src/server.go:14.2,21.10 7 1
github.com/jcbasso/EMB/go/rest/artificial/ncs/src/utils.go:9.61,10.16 1 1
github.com/jcbasso/EMB/go/rest/artificial/ncs/src/utils.go:10.16,13.3 2 1
github.com/jcbasso/EMB/go/rest/artificial/ncs/src/utils.go:15.2,16.16 2 1
github.com/jcbasso/EMB/go/rest/artificial/ncs/src/utils.go:16.16,20.3 3 0
github.com/jcbasso/EMB/go/rest/artificial/ncs/src/utils.go:22.2,24.16 3 1
github.com/jcbasso/EMB/go/rest/artificial/ncs/src/utils.go:24.16,27.3 2 0
github.com/jcbasso/EMB/go/rest/artificial/ncs/src/utils.go:30.52,33.2 2 0
github.com/jcbasso/EMB/go/rest/artificial/ncs/src/utils.go:35.60,40.2 4 1
github.com/jcbasso/EMB/go/rest/artificial/ncs/src/imp/bessj.go:12.49,16.11 3 1
github.com/jcbasso/EMB/go/rest/artificial/ncs/src/imp/bessj.go:16.11,18.3 1 0
github.com/jcbasso/EMB/go/rest/artificial/ncs/src/imp/bessj.go:20.2,22.15 2 1
github.com/jcbasso/EMB/go/rest/artificial/ncs/src/imp/bessj.go:22.15,24.3 1 0
github.com/jcbasso/EMB/go/rest/artificial/ncs/src/imp/bessj.go:24.8,24.28 1 1
github.com/jcbasso/EMB/go/rest/artificial/ncs/src/imp/bessj.go:24.28,29.25 4 0
github.com/jcbasso/EMB/go/rest/artificial/ncs/src/imp/bessj.go:29.25,33.4 3 0
github.com/jcbasso/EMB/go/rest/artificial/ncs/src/imp/bessj.go:35.3,35.11 1 0
github.com/jcbasso/EMB/go/rest/artificial/ncs/src/imp/bessj.go:36.8,45.25 8 1
github.com/jcbasso/EMB/go/rest/artificial/ncs/src/imp/bessj.go:45.25,50.34 4 1
github.com/jcbasso/EMB/go/rest/artificial/ncs/src/imp/bessj.go:50.34,55.5 4 1
github.com/jcbasso/EMB/go/rest/artificial/ncs/src/imp/bessj.go:57.4,57.17 1 1
github.com/jcbasso/EMB/go/rest/artificial/ncs/src/imp/bessj.go:57.17,60.5 2 1
github.com/jcbasso/EMB/go/rest/artificial/ncs/src/imp/bessj.go:60.10,62.5 1 1
github.com/jcbasso/EMB/go/rest/artificial/ncs/src/imp/bessj.go:64.4,64.14 1 1
github.com/jcbasso/EMB/go/rest/artificial/ncs/src/imp/bessj.go:64.14,66.5 1 1
github.com/jcbasso/EMB/go/rest/artificial/ncs/src/imp/bessj.go:69.3,70.13 2 1
github.com/jcbasso/EMB/go/rest/artificial/ncs/src/imp/bessj.go:73.2,73.27 1 1
github.com/jcbasso/EMB/go/rest/artificial/ncs/src/imp/bessj.go:73.27,75.3 1 0
github.com/jcbasso/EMB/go/rest/artificial/ncs/src/imp/bessj.go:77.2,77.17 1 1
github.com/jcbasso/EMB/go/rest/artificial/ncs/src/imp/bessj.go:80.32,85.14 4 0
github.com/jcbasso/EMB/go/rest/artificial/ncs/src/imp/bessj.go:85.14,90.3 4 0
github.com/jcbasso/EMB/go/rest/artificial/ncs/src/imp/bessj.go:90.8,97.3 6 0
github.com/jcbasso/EMB/go/rest/artificial/ncs/src/imp/bessj.go:98.2,98.12 1 0
github.com/jcbasso/EMB/go/rest/artificial/ncs/src/imp/bessj.go:101.32,106.14 4 0
github.com/jcbasso/EMB/go/rest/artificial/ncs/src/imp/bessj.go:106.14,111.3 4 0
github.com/jcbasso/EMB/go/rest/artificial/ncs/src/imp/bessj.go:111.8,118.14 7 0
github.com/jcbasso/EMB/go/rest/artificial/ncs/src/imp/bessj.go:118.14,120.4 1 0
github.com/jcbasso/EMB/go/rest/artificial/ncs/src/imp/bessj.go:123.2,123.12 1 0
github.com/jcbasso/EMB/go/rest/artificial/ncs/src/imp/expint.go:13.50,19.58 4 1
github.com/jcbasso/EMB/go/rest/artificial/ncs/src/imp/expint.go:19.58,21.3 1 1
github.com/jcbasso/EMB/go/rest/artificial/ncs/src/imp/expint.go:21.8,22.13 1 1
github.com/jcbasso/EMB/go/rest/artificial/ncs/src/imp/expint.go:22.13,24.4 1 0
github.com/jcbasso/EMB/go/rest/artificial/ncs/src/imp/expint.go:24.9,25.16 1 1
github.com/jcbasso/EMB/go/rest/artificial/ncs/src/imp/expint.go:25.16,27.5 1 0
github.com/jcbasso/EMB/go/rest/artificial/ncs/src/imp/expint.go:27.10,28.16 1 1
github.com/jcbasso/EMB/go/rest/artificial/ncs/src/imp/expint.go:28.16,34.49 5 0
github.com/jcbasso/EMB/go/rest/artificial/ncs/src/imp/expint.go:34.49,42.41 7 0
github.com/jcbasso/EMB/go/rest/artificial/ncs/src/imp/expint.go:42.41,44.8 1 0
github.com/jcbasso/EMB/go/rest/artificial/ncs/src/imp/expint.go:47.6,47.65 1 0
github.com/jcbasso/EMB/go/rest/artificial/ncs/src/imp/expint.go:48.11,49.18 1 1
github.com/jcbasso/EMB/go/rest/artificial/ncs/src/imp/expint.go:49.18,51.7 1 1
github.com/jcbasso/EMB/go/rest/artificial/ncs/src/imp/expint.go:51.12,53.7 1 0
github.com/jcbasso/EMB/go/rest/artificial/ncs/src/imp/expint.go:54.6,56.49 2 1
github.com/jcbasso/EMB/go/rest/artificial/ncs/src/imp/expint.go:56.49,59.19 2 1
github.com/jcbasso/EMB/go/rest/artificial/ncs/src/imp/expint.go:59.19,61.8 1 1
github.com/jcbasso/EMB/go/rest/artificial/ncs/src/imp/expint.go:61.13,64.36 2 0
github.com/jcbasso/EMB/go/rest/artificial/ncs/src/imp/expint.go:64.36,66.9 1 0
github.com/jcbasso/EMB/go/rest/artificial/ncs/src/imp/expint.go:68.8,68.41 1 0
github.com/jcbasso/EMB/go/rest/artificial/ncs/src/imp/expint.go:71.7,73.51 2 1
github.com/jcbasso/EMB/go/rest/artificial/ncs/src/imp/expint.go:73.51,75.8 1 1
github.com/jcbasso/EMB/go/rest/artificial/ncs/src/imp/expint.go:78.6,78.53 1 0
github.com/jcbasso/EMB/go/rest/artificial/ncs/src/imp/expint.go:83.2,83.17 1 0
github.com/jcbasso/EMB/go/rest/artificial/ncs/src/imp/fisher.go:5.50,14.12 7 1
github.com/jcbasso/EMB/go/rest/artificial/ncs/src/imp/fisher.go:14.12,15.13 1 1
github.com/jcbasso/EMB/go/rest/artificial/ncs/src/imp/fisher.go:15.13,20.4 4 0
github.com/jcbasso/EMB/go/rest/artificial/ncs/src/imp/fisher.go:20.9,23.4 2 1
github.com/jcbasso/EMB/go/rest/artificial/ncs/src/imp/fisher.go:24.8,24.19 1 0
github.com/jcbasso/EMB/go/rest/artificial/ncs/src/imp/fisher.go:24.19,28.3 3 0
github.com/jcbasso/EMB/go/rest/artificial/ncs/src/imp/fisher.go:28.8,31.3 2 0
github.com/jcbasso/EMB/go/rest/artificial/ncs/src/imp/fisher.go:33.2,35.12 2 1
github.com/jcbasso/EMB/go/rest/artificial/ncs/src/imp/fisher.go:35.12,36.33 1 1
github.com/jcbasso/EMB/go/rest/artificial/ncs/src/imp/fisher.go:36.33,39.4 2 1
github.com/jcbasso/EMB/go/rest/artificial/ncs/src/imp/fisher.go:40.8,44.3 3 0
github.com/jcbasso/EMB/go/rest/artificial/ncs/src/imp/fisher.go:46.2,49.32 4 1
github.com/jcbasso/EMB/go/rest/artificial/ncs/src/imp/fisher.go:49.32,53.3 3 1
github.com/jcbasso/EMB/go/rest/artificial/ncs/src/imp/fisher.go:55.2,55.13 1 1
github.com/jcbasso/EMB/go/rest/artificial/ncs/src/imp/fisher.go:55.13,57.3 1 0
github.com/jcbasso/EMB/go/rest/artificial/ncs/src/imp/fisher.go:58.2,58.13 1 1
github.com/jcbasso/EMB/go/rest/artificial/ncs/src/imp/fisher.go:58.13,60.3 1 0
github.com/jcbasso/EMB/go/rest/artificial/ncs/src/imp/fisher.go:62.2,62.10 1 1
github.com/jcbasso/EMB/go/rest/artificial/ncs/src/imp/gammq.go:18.23,20.2 1 1
github.com/jcbasso/EMB/go/rest/artificial/ncs/src/imp/gammq.go:22.60,23.25 1 1
github.com/jcbasso/EMB/go/rest/artificial/ncs/src/imp/gammq.go:23.25,25.3 1 0
github.com/jcbasso/EMB/go/rest/artificial/ncs/src/imp/gammq.go:26.2,26.19 1 1
github.com/jcbasso/EMB/go/rest/artificial/ncs/src/imp/gammq.go:26.19,28.17 2 1
github.com/jcbasso/EMB/go/rest/artificial/ncs/src/imp/gammq.go:28.17,30.4 1 0
github.com/jcbasso/EMB/go/rest/artificial/ncs/src/imp/gammq.go:32.3,32.27 1 1
github.com/jcbasso/EMB/go/rest/artificial/ncs/src/imp/gammq.go:33.8,35.17 2 0
github.com/jcbasso/EMB/go/rest/artificial/ncs/src/imp/gammq.go:35.17,37.4 1 0
github.com/jcbasso/EMB/go/rest/artificial/ncs/src/imp/gammq.go:39.3,39.23 1 0
github.com/jcbasso/EMB/go/rest/artificial/ncs/src/imp/gammq.go:43.50,49.14 4 1
github.com/jcbasso/EMB/go/rest/artificial/ncs/src/imp/gammq.go:49.14,50.14 1 1
github.com/jcbasso/EMB/go/rest/artificial/ncs/src/imp/gammq.go:50.14,52.4 1 0
github.com/jcbasso/EMB/go/rest/artificial/ncs/src/imp/gammq.go:53.3,54.13 2 1
github.com/jcbasso/EMB/go/rest/artificial/ncs/src/imp/gammq.go:55.8,59.36 4 1
github.com/jcbasso/EMB/go/rest/artificial/ncs/src/imp/gammq.go:59.36,63.47 4 1
github.com/jcbasso/EMB/go/rest/artificial/ncs/src/imp/gammq.go:63.47,66.5 2 1
github.com/jcbasso/EMB/go/rest/artificial/ncs/src/imp/gammq.go:68.3,68.68 1 0
github.com/jcbasso/EMB/go/rest/artificial/ncs/src/imp/gammq.go:72.49,81.35 8 0
github.com/jcbasso/EMB/go/rest/artificial/ncs/src/imp/gammq.go:81.35,85.32 4 0
github.com/jcbasso/EMB/go/rest/artificial/ncs/src/imp/gammq.go:85.32,87.4 1 0
github.com/jcbasso/EMB/go/rest/artificial/ncs/src/imp/gammq.go:88.3,89.32 2 0
github.com/jcbasso/EMB/go/rest/artificial/ncs/src/imp/gammq.go:89.32,91.4 1 0
github.com/jcbasso/EMB/go/rest/artificial/ncs/src/imp/gammq.go:92.3,95.36 4 0
github.com/jcbasso/EMB/go/rest/artificial/ncs/src/imp/gammq.go:95.36,96.9 1 0
github.com/jcbasso/EMB/go/rest/artificial/ncs/src/imp/gammq.go:99.2,99.21 1 0
github.com/jcbasso/EMB/go/rest/artificial/ncs/src/imp/gammq.go:99.21,101.3 1 0
github.com/jcbasso/EMB/go/rest/artificial/ncs/src/imp/gammq.go:102.2,103.12 2 0
github.com/jcbasso/EMB/go/rest/artificial/ncs/src/imp/gammq.go:106.44,118.25 9 1
github.com/jcbasso/EMB/go/rest/artificial/ncs/src/imp/gammq.go:118.25,121.3 2 1
github.com/jcbasso/EMB/go/rest/artificial/ncs/src/imp/gammq.go:123.2,123.50 1 1
github.com/jcbasso/EMB/go/rest/artificial/ncs/src/imp/remainder.go:5.40,10.12 4 1
github.com/jcbasso/EMB/go/rest/artificial/ncs/src/imp/remainder.go:10.13,11.3 0 0
github.com/jcbasso/EMB/go/rest/artificial/ncs/src/imp/remainder.go:11.8,11.19 1 1
github.com/jcbasso/EMB/go/rest/artificial/ncs/src/imp/remainder.go:11.20,12.3 0 0
github.com/jcbasso/EMB/go/rest/artificial/ncs/src/imp/remainder.go:12.8,12.18 1 1
github.com/jcbasso/EMB/go/rest/artificial/ncs/src/imp/remainder.go:12.18,13.12 1 1
github.com/jcbasso/EMB/go/rest/artificial/ncs/src/imp/remainder.go:13.12,14.22 1 1
github.com/jcbasso/EMB/go/rest/artificial/ncs/src/imp/remainder.go:14.22,18.5 3 0
github.com/jcbasso/EMB/go/rest/artificial/ncs/src/imp/remainder.go:19.9,21.27 1 0
github.com/jcbasso/EMB/go/rest/artificial/ncs/src/imp/remainder.go:21.27,25.5 3 0
github.com/jcbasso/EMB/go/rest/artificial/ncs/src/imp/remainder.go:27.8,28.12 1 0
github.com/jcbasso/EMB/go/rest/artificial/ncs/src/imp/remainder.go:28.12,30.23 1 0
github.com/jcbasso/EMB/go/rest/artificial/ncs/src/imp/remainder.go:30.23,34.5 3 0
github.com/jcbasso/EMB/go/rest/artificial/ncs/src/imp/remainder.go:35.9,36.22 1 0
github.com/jcbasso/EMB/go/rest/artificial/ncs/src/imp/remainder.go:36.22,41.5 3 0
github.com/jcbasso/EMB/go/rest/artificial/ncs/src/imp/remainder.go:44.2,44.10 1 1
github.com/jcbasso/EMB/go/rest/artificial/ncs/src/imp/triangle_classification.go:3.56,4.32 1 1
github.com/jcbasso/EMB/go/rest/artificial/ncs/src/imp/triangle_classification.go:4.32,6.3 1 0
github.com/jcbasso/EMB/go/rest/artificial/ncs/src/imp/triangle_classification.go:8.2,8.22 1 1
github.com/jcbasso/EMB/go/rest/artificial/ncs/src/imp/triangle_classification.go:8.22,10.3 1 0
github.com/jcbasso/EMB/go/rest/artificial/ncs/src/imp/triangle_classification.go:12.2,15.26 2 1
github.com/jcbasso/EMB/go/rest/artificial/ncs/src/imp/triangle_classification.go:15.26,17.3 1 1
github.com/jcbasso/EMB/go/rest/artificial/ncs/src/imp/triangle_classification.go:19.2,19.32 1 0
github.com/jcbasso/EMB/go/rest/artificial/ncs/src/imp/triangle_classification.go:19.32,21.3 1 0
github.com/jcbasso/EMB/go/rest/artificial/ncs/src/imp/triangle_classification.go:23.2,23.10 1 0
github.com/jcbasso/EMB/go/rest/artificial/ncs/src/imp/utils.go:3.34,4.11 1 1
github.com/jcbasso/EMB/go/rest/artificial/ncs/src/imp/utils.go:4.11,6.3 1 1
github.com/jcbasso/EMB/go/rest/artificial/ncs/src/imp/utils.go:7.2,7.10 1 0
github.com/jcbasso/EMB/go/rest/artificial/ncs/src/imp/utils.go:10.25,11.12 1 0
github.com/jcbasso/EMB/go/rest/artificial/ncs/src/imp/utils.go:11.12,13.3 1 0
github.com/jcbasso/EMB/go/rest/artificial/ncs/src/imp/utils.go:14.2,14.11 1 0
